# JRE version: OpenJDK Runtime Environment (21.0.7) (build 21.0.7+-13880790-b1038.58)
# Java VM: OpenJDK 64-Bit Server VM (21.0.7+-13880790-b1038.58, mixed mode, tiered, compressed oops, compressed class ptrs, g1 gc, windows-amd64)
GC Precious Log:
 CardTable entry size: 512
 Card Set container configuration: InlinePtr #cards 5 size 8 Array Of Cards #cards 12 size 40 Howl #buckets 4 coarsen threshold 1843 Howl Bitmap #cards 512 size 80 coarsen threshold 460 Card regions per heap region 1 cards per card region 2048
 CPUs: 16 total, 16 available
 Memory: 23933M
 Large Page Support: Disabled
 NUMA Support: Disabled
 Compressed Oops: Enabled (32-bit)
 Heap Region Size: 1M
 Heap Min Capacity: 8M
 Heap Initial Capacity: 374M
 Heap Max Capacity: 2G
 Pre-touch: Disabled
 Parallel Workers: 13
 Concurrent Workers: 3
 Concurrent Refinement Workers: 13
 Periodic GC: Disabled
Heap:
 garbage-first heap   total 71680K, used 58447K [0x0000000080000000, 0x0000000100000000)
  region size 1024K, 27 young (27648K), 4 survivors (4096K)
 Metaspace       used 55535K, committed 56960K, reserved 1114112K
  class space    used 7639K, committed 8320K, reserved 1048576K
GC Heap History (20 events):
Event: 2.309 GC heap before
{Heap before GC invocations=2 (full 0):
 garbage-first heap   total 382976K, used 63329K [0x0000000080000000, 0x0000000100000000)
  region size 1024K, 55 young (56320K), 5 survivors (5120K)
 Metaspace       used 15980K, committed 16256K, reserved 1114112K
  class space    used 1807K, committed 1920K, reserved 1048576K
}
Event: 2.315 GC heap after
{Heap after GC invocations=3 (full 0):
 garbage-first heap   total 382976K, used 17847K [0x0000000080000000, 0x0000000100000000)
  region size 1024K, 7 young (7168K), 7 survivors (7168K)
 Metaspace       used 15980K, committed 16256K, reserved 1114112K
  class space    used 1807K, committed 1920K, reserved 1048576K
}
Event: 2.825 GC heap before
{Heap before GC invocations=3 (full 0):
 garbage-first heap   total 382976K, used 38327K [0x0000000080000000, 0x0000000100000000)
  region size 1024K, 28 young (28672K), 7 survivors (7168K)
 Metaspace       used 21225K, committed 21504K, reserved 1114112K
  class space    used 2469K, committed 2624K, reserved 1048576K
}
Event: 2.829 GC heap after
{Heap after GC invocations=4 (full 0):
 garbage-first heap   total 382976K, used 19996K [0x0000000080000000, 0x0000000100000000)
  region size 1024K, 10 young (10240K), 10 survivors (10240K)
 Metaspace       used 21225K, committed 21504K, reserved 1114112K
  class space    used 2469K, committed 2624K, reserved 1048576K
}
Event: 3.726 GC heap before
{Heap before GC invocations=5 (full 0):
 garbage-first heap   total 71680K, used 51740K [0x0000000080000000, 0x0000000100000000)
  region size 1024K, 42 young (43008K), 10 survivors (10240K)
 Metaspace       used 26971K, committed 27520K, reserved 1114112K
  class space    used 3349K, committed 3584K, reserved 1048576K
}
Event: 3.732 GC heap after
{Heap after GC invocations=6 (full 0):
 garbage-first heap   total 71680K, used 21749K [0x0000000080000000, 0x0000000100000000)
  region size 1024K, 4 young (4096K), 4 survivors (4096K)
 Metaspace       used 26971K, committed 27520K, reserved 1114112K
  class space    used 3349K, committed 3584K, reserved 1048576K
}
Event: 4.730 GC heap before
{Heap before GC invocations=6 (full 0):
 garbage-first heap   total 71680K, used 56565K [0x0000000080000000, 0x0000000100000000)
  region size 1024K, 39 young (39936K), 4 survivors (4096K)
 Metaspace       used 31659K, committed 32320K, reserved 1114112K
  class space    used 4172K, committed 4480K, reserved 1048576K
}
Event: 4.734 GC heap after
{Heap after GC invocations=7 (full 0):
 garbage-first heap   total 71680K, used 23996K [0x0000000080000000, 0x0000000100000000)
  region size 1024K, 5 young (5120K), 5 survivors (5120K)
 Metaspace       used 31659K, committed 32320K, reserved 1114112K
  class space    used 4172K, committed 4480K, reserved 1048576K
}
Event: 5.310 GC heap before
{Heap before GC invocations=7 (full 0):
 garbage-first heap   total 71680K, used 47548K [0x0000000080000000, 0x0000000100000000)
  region size 1024K, 30 young (30720K), 5 survivors (5120K)
 Metaspace       used 35289K, committed 36096K, reserved 1114112K
  class space    used 4771K, committed 5184K, reserved 1048576K
}
Event: 5.313 GC heap after
{Heap after GC invocations=8 (full 0):
 garbage-first heap   total 71680K, used 25825K [0x0000000080000000, 0x0000000100000000)
  region size 1024K, 5 young (5120K), 5 survivors (5120K)
 Metaspace       used 35289K, committed 36096K, reserved 1114112K
  class space    used 4771K, committed 5184K, reserved 1048576K
}
Event: 6.292 GC heap before
{Heap before GC invocations=9 (full 0):
 garbage-first heap   total 71680K, used 60641K [0x0000000080000000, 0x0000000100000000)
  region size 1024K, 39 young (39936K), 5 survivors (5120K)
 Metaspace       used 42586K, committed 43456K, reserved 1114112K
  class space    used 5738K, committed 6144K, reserved 1048576K
}
Event: 6.298 GC heap after
{Heap after GC invocations=10 (full 0):
 garbage-first heap   total 71680K, used 29298K [0x0000000080000000, 0x0000000100000000)
  region size 1024K, 5 young (5120K), 5 survivors (5120K)
 Metaspace       used 42586K, committed 43456K, reserved 1114112K
  class space    used 5738K, committed 6144K, reserved 1048576K
}
Event: 6.708 GC heap before
{Heap before GC invocations=10 (full 0):
 garbage-first heap   total 71680K, used 61042K [0x0000000080000000, 0x0000000100000000)
  region size 1024K, 37 young (37888K), 5 survivors (5120K)
 Metaspace       used 44659K, committed 45632K, reserved 1114112K
  class space    used 5981K, committed 6464K, reserved 1048576K
}
Event: 6.712 GC heap after
{Heap after GC invocations=11 (full 0):
 garbage-first heap   total 71680K, used 32077K [0x0000000080000000, 0x0000000100000000)
  region size 1024K, 3 young (3072K), 3 survivors (3072K)
 Metaspace       used 44659K, committed 45632K, reserved 1114112K
  class space    used 5981K, committed 6464K, reserved 1048576K
}
Event: 6.797 GC heap before
{Heap before GC invocations=11 (full 0):
 garbage-first heap   total 71680K, used 39245K [0x0000000080000000, 0x0000000100000000)
  region size 1024K, 8 young (8192K), 3 survivors (3072K)
 Metaspace       used 45038K, committed 46016K, reserved 1114112K
  class space    used 6023K, committed 6464K, reserved 1048576K
}
Event: 6.800 GC heap after
{Heap after GC invocations=12 (full 0):
 garbage-first heap   total 71680K, used 33910K [0x0000000080000000, 0x0000000100000000)
  region size 1024K, 3 young (3072K), 3 survivors (3072K)
 Metaspace       used 45038K, committed 46016K, reserved 1114112K
  class space    used 6023K, committed 6464K, reserved 1048576K
}
Event: 8.798 GC heap before
{Heap before GC invocations=12 (full 0):
 garbage-first heap   total 71680K, used 64630K [0x0000000080000000, 0x0000000100000000)
  region size 1024K, 31 young (31744K), 3 survivors (3072K)
 Metaspace       used 49120K, committed 50304K, reserved 1114112K
  class space    used 6576K, committed 7168K, reserved 1048576K
}
Event: 8.800 GC heap after
{Heap after GC invocations=13 (full 0):
 garbage-first heap   total 71680K, used 34166K [0x0000000080000000, 0x0000000100000000)
  region size 1024K, 3 young (3072K), 3 survivors (3072K)
 Metaspace       used 49120K, committed 50304K, reserved 1114112K
  class space    used 6576K, committed 7168K, reserved 1048576K
}
Event: 9.431 GC heap before
{Heap before GC invocations=13 (full 0):
 garbage-first heap   total 71680K, used 63862K [0x0000000080000000, 0x0000000100000000)
  region size 1024K, 32 young (32768K), 3 survivors (3072K)
 Metaspace       used 52881K, committed 54272K, reserved 1114112K
  class space    used 7195K, committed 7872K, reserved 1048576K
}
Event: 9.436 GC heap after
{Heap after GC invocations=14 (full 0):
 garbage-first heap   total 71680K, used 35919K [0x0000000080000000, 0x0000000100000000)
  region size 1024K, 4 young (4096K), 4 survivors (4096K)
 Metaspace       used 52881K, committed 54272K, reserved 1114112K
  class space    used 7195K, committed 7872K, reserved 1048576K
}

